MPASM 5.77  /HOME/ALEXANDRE/MPLABXPROJECTS/A   8-21-2018  17:19:24         PAGE  1


LOC  OBJECT CODE     LINE SOURCE TEXT
  VALUE

                      00001 ;* * * * * * * * * * * * * * * * * * * * * * * * * * * * * * * * * *
                      00002 ;*              MODIFICAÇÕES PARA USO COM 12F675                   *
                      00003 ;*                FEITAS PELO PROF. MARDSON                        *
                      00004 ;*                    FEVEREIRO DE 2014                            *
                      00005 ;* * * * * * * * * * * * * * * * * * * * * * * * * * * * * * * * * *
                      00006 
                      00007 ;* * * * * * * * * * * * * * * * * * * * * * * * * * * * * * * * * *
                      00008 ;*                       NOME DO PROJETO                           *
                      00009 ;*                           CLIENTE                               *
                      00010 ;*         DESENVOLVIDO PELA MOSAICO ENGENHARIA E CONSULTORIA      *
                      00011 ;*   VERSÃO: 1.0                           DATA: 17/06/03          *
                      00012 ;* * * * * * * * * * * * * * * * * * * * * * * * * * * * * * * * * *
                      00013 ;*                     DESCRIÇÃO DO ARQUIVO                        *
                      00014 ;*-----------------------------------------------------------------*
                      00015 ;*   MODELO PARA O PIC 12F675                                      *
                      00016 ;*                                                                 *
                      00017 ;*                                                                 *
                      00018 ;* * * * * * * * * * * * * * * * * * * * * * * * * * * * * * * * * *
                      00019 
                      00020 ;* * * * * * * * * * * * * * * * * * * * * * * * * * * * * * * * * *
                      00021 ;*                     ARQUIVOS DE DEFINIÇÕES                      *
                      00022 ;* * * * * * * * * * * * * * * * * * * * * * * * * * * * * * * * * *
                      00023 #INCLUDE <p12f675.inc>  ;ARQUIVO PADRÃO MICROCHIP PARA 12F675
                      00001         LIST
                      00002 
                      00003 ;==========================================================================
                      00004 ; Build date : Nov 22 2017
                      00005 ;  MPASM PIC12F675 processor include
                      00006 ; 
                      00007 ;  (c) Copyright 1999-2017 Microchip Technology, All rights reserved
                      00008 ;==========================================================================
                      00009 
                      00367         LIST
                      00024 
2007   3FA4           00025         __CONFIG _BODEN_OFF & _CP_OFF & _PWRTE_ON & _WDT_OFF & _MCLRE_ON & _INTRC_OSC_NOCLKOUT
                      00026 
                      00027 ;* * * * * * * * * * * * * * * * * * * * * * * * * * * * * * * * * *
                      00028 ;*                    PAGINAÇÃO DE MEMÓRIA                         *
                      00029 ;* * * * * * * * * * * * * * * * * * * * * * * * * * * * * * * * * *
                      00030 ;DEFINIÇÃO DE COMANDOS DE USUÁRIO PARA ALTERAÇÃO DA PÁGINA DE MEMÓRIA
                      00031 #DEFINE BANK0   BCF STATUS,RP0  ;SETA BANK 0 DE MEMÓRIA
                      00032 #DEFINE BANK1   BSF STATUS,RP0  ;SETA BANK 1 DE MAMÓRIA
                      00033 
                      00034 ;* * * * * * * * * * * * * * * * * * * * * * * * * * * * * * * * * *
                      00035 ;*                         VARIÁVEIS                               *
                      00036 ;* * * * * * * * * * * * * * * * * * * * * * * * * * * * * * * * * *
                      00037 ; DEFINIÇÃO DOS NOMES E ENDEREÇOS DE TODAS AS VARIÁVEIS UTILIZADAS 
                      00038 ; PELO SISTEMA
                      00039 
                      00040         CBLOCK  0x20    ;ENDEREÇO INICIAL DA MEMÓRIA DE
                      00041                                         ;USUÁRIO
  00000020            00042                 W_TEMP          ;REGISTRADORES TEMPORÁRIOS PARA USO
  00000021            00043                 STATUS_TEMP     ;JUNTO ÀS INTERRUPÇÕES
MPASM 5.77  /HOME/ALEXANDRE/MPLABXPROJECTS/A   8-21-2018  17:19:24         PAGE  2


LOC  OBJECT CODE     LINE SOURCE TEXT
  VALUE

  00000022            00044                 DADO            ;ARMAZENA O DADO PARA A EEPROM
                      00045 
                      00046                 ;NOVAS VARIÁVEIS
                      00047 
                      00048         ENDC                    ;FIM DO BLOCO DE MEMÓRIA
                      00049 ;* * * * * * * * * * * * * * * * * * * * * * * * * * * * * * * * * *
                      00050 ;*                        FLAGS INTERNOS                           *
                      00051 ;* * * * * * * * * * * * * * * * * * * * * * * * * * * * * * * * * *
                      00052 ; DEFINIÇÃO DE TODOS OS FLAGS UTILIZADOS PELO SISTEMA
                      00053 
                      00054 ;* * * * * * * * * * * * * * * * * * * * * * * * * * * * * * * * * *
                      00055 ;*                         CONSTANTES                              *
                      00056 ;* * * * * * * * * * * * * * * * * * * * * * * * * * * * * * * * * *
                      00057 ; DEFINIÇÃO DE TODAS AS CONSTANTES UTILIZADAS PELO SISTEMA
                      00058 ; INICIALIZAÇÃO DA EEPROM, DE ACORDO COM A DESCRIÇÃO NO ARQUIVO "Def_Rega_Formigas.inc"
                      00059 
                      00060 ;A PARTIR DO ENDEREÇO ZERO DA EEPROM, DADOS EM ORDEM ALEATÓRIA
                      00061         ORG 0x2100
2100   0089 001E 0039 00062         DE      0X89,0X1E,0X39,0X9F,0XC2,0X0C,0XAB,0X33,0X63,0XD3,0X95,0X7B,0X38,0XD6,0X1E,0X48
       009F 00C2 000C 
       00AB 0033 0063 
       00D3 0095 007B 
       0038 00D6 001E 
       0048 
2110   00DB 00D8 0086 00063         DE      0XDB,0XD8,0X86,0XFD,0XA5,0XFC,0X0C,0XBE,0X68,0X9B,0XD9,0X10,0XD8,0XEC,0X90,0X91
       00FD 00A5 00FC 
       000C 00BE 0068 
       009B 00D9 0010 
       00D8 00EC 0090 
       0091 
2120   00AA 00BB 00CC 00064         DE      0XAA,0XBB,0XCC,0XDD,0XEE,0XF1,0XC9,0X77
       00DD 00EE 00F1 
       00C9 0077 
                      00065 
                      00066 ;* * * * * * * * * * * * * * * * * * * * * * * * * * * * * * * * * *
                      00067 ;*                           ENTRADAS                              *
                      00068 ;* * * * * * * * * * * * * * * * * * * * * * * * * * * * * * * * * *
                      00069 ; DEFINIÇÃO DE TODOS OS PINOS QUE SERÃO UTILIZADOS COMO ENTRADA
                      00070 ; RECOMENDAMOS TAMBÉM COMENTAR O SIGNIFICADO DE SEUS ESTADOS (0 E 1)
                      00071 
                      00072 ;* * * * * * * * * * * * * * * * * * * * * * * * * * * * * * * * * *
                      00073 ;*                           SAÍDAS                                *
                      00074 ;* * * * * * * * * * * * * * * * * * * * * * * * * * * * * * * * * *
                      00075 ; DEFINIÇÃO DE TODOS OS PINOS QUE SERÃO UTILIZADOS COMO SAÍDA
                      00076 ; RECOMENDAMOS TAMBÉM COMENTAR O SIGNIFICADO DE SEUS ESTADOS (0 E 1)
                      00077 
                      00078 ;* * * * * * * * * * * * * * * * * * * * * * * * * * * * * * * * * *
                      00079 ;*                       VETOR DE RESET                            *
                      00080 ;* * * * * * * * * * * * * * * * * * * * * * * * * * * * * * * * * *
                      00081 
                      00082         ORG     0x00                    ;ENDEREÇO INICIAL DE PROCESSAMENTO
0000   2???           00083         GOTO    INICIO
                      00084         
MPASM 5.77  /HOME/ALEXANDRE/MPLABXPROJECTS/A   8-21-2018  17:19:24         PAGE  3


LOC  OBJECT CODE     LINE SOURCE TEXT
  VALUE

                      00085 ;* * * * * * * * * * * * * * * * * * * * * * * * * * * * * * * * * *
                      00086 ;*                    INÍCIO DA INTERRUPÇÃO                        *
                      00087 ;* * * * * * * * * * * * * * * * * * * * * * * * * * * * * * * * * *
                      00088 ; ENDEREÇO DE DESVIO DAS INTERRUPÇÕES. A PRIMEIRA TAREFA É SALVAR OS
                      00089 ; VALORES DE "W" E "STATUS" PARA RECUPERAÇÃO FUTURA
                      00090 
                      00091         ORG     0x04                    ;ENDEREÇO INICIAL DA INTERRUPÇÃO
0004   00A0           00092         MOVWF   W_TEMP          ;COPIA W PARA W_TEMP
0005   0E03           00093         SWAPF   STATUS,W
0006   00A1           00094         MOVWF   STATUS_TEMP     ;COPIA STATUS PARA STATUS_TEMP
                      00095 
                      00096 ;* * * * * * * * * * * * * * * * * * * * * * * * * * * * * * * * * *
                      00097 ;*                    ROTINA DE INTERRUPÇÃO                        *
                      00098 ;* * * * * * * * * * * * * * * * * * * * * * * * * * * * * * * * * *
                      00099 ; AQUI SERÁ ESCRITA AS ROTINAS DE RECONHECIMENTO E TRATAMENTO DAS
                      00100 ; INTERRUPÇÕES
                      00101 
                      00102 ;* * * * * * * * * * * * * * * * * * * * * * * * * * * * * * * * * *
                      00103 ;*                 ROTINA DE SAÍDA DA INTERRUPÇÃO                  *
                      00104 ;* * * * * * * * * * * * * * * * * * * * * * * * * * * * * * * * * *
                      00105 ; OS VALORES DE "W" E "STATUS" DEVEM SER RECUPERADOS ANTES DE 
                      00106 ; RETORNAR DA INTERRUPÇÃO
                      00107 
0007                  00108 SAI_INT
0007   0E21           00109         SWAPF   STATUS_TEMP,W
0008   0083           00110         MOVWF   STATUS          ;MOVE STATUS_TEMP PARA STATUS
0009   0EA0           00111         SWAPF   W_TEMP,F
000A   0E20           00112         SWAPF   W_TEMP,W        ;MOVE W_TEMP PARA W
000B   0009           00113         RETFIE
                      00114 
                      00115 ;* * * * * * * * * * * * * * * * * * * * * * * * * * * * * * * * * *
                      00116 ;*                       ROTINAS E SUBROTINAS                      *
                      00117 ;* * * * * * * * * * * * * * * * * * * * * * * * * * * * * * * * * *
                      00118 ; CADA ROTINA OU SUBROTINA DEVE POSSUIR A DESCRIÇÃO DE FUNCIONAMENTO
                      00119 ; E UM NOME COERENTE ÀS SUAS FUNÇÕES.
000C                  00120 LE_EEPROM
                      00121 ;LER DADO DA EEPROM, CUJO ENDEREÇO É INDICADO EM W
                      00122 ;DADO LIDO RETORNA EM W
000C   397F           00123         ANDLW   .127            ;LIMITA ENDEREÇO MAX. 127
000D   1683           00124         BANK1                           ;ACESSO VIA BANK 1
Message[302]: Register in operand not in bank 0.  Ensure that bank bits are correct.
000E   009B           00125         MOVWF   EEADR           ;INDICA O END. DE LEITURA
Message[302]: Register in operand not in bank 0.  Ensure that bank bits are correct.
000F   141C           00126         BSF             EECON1,RD       ;INICIA O PROCESSO DE LEITURA
Message[302]: Register in operand not in bank 0.  Ensure that bank bits are correct.
0010   081A           00127         MOVF    EEDATA,W        ;COLOCA DADO LIDO EM W
0011   1283           00128         BANK0                           ;POSICIONA PARA BANK 0
0012   0008           00129         RETURN
                      00130 
0013                  00131 GRAVA_EEPROM
                      00132 ;ESCREVE DADO (DADO) NA EEPROM, CUJO ENDEREÇO É INDICADO EM W
0013   397F           00133         ANDLW   .127            ;LIMITA ENDEREÇO MAX. 127
0014   1683           00134         BANK1                           ;ACESSO VIA BANK 1
MPASM 5.77  /HOME/ALEXANDRE/MPLABXPROJECTS/A   8-21-2018  17:19:24         PAGE  4


LOC  OBJECT CODE     LINE SOURCE TEXT
  VALUE

Message[302]: Register in operand not in bank 0.  Ensure that bank bits are correct.
0015   009B           00135         MOVWF   EEADR
0016   0822           00136         MOVF    DADO,W
Message[302]: Register in operand not in bank 0.  Ensure that bank bits are correct.
0017   009A           00137         MOVWF   EEDATA
Message[302]: Register in operand not in bank 0.  Ensure that bank bits are correct.
0018   151C           00138         BSF             EECON1,WREN ;HABILITA ESCRITA
0019   138B           00139         BCF             INTCON,GIE      ;DESLIGA INTERRUPÇÕES
001A   3055           00140         MOVLW   B'01010101'     ;DESBLOQUEIA ESCRITA
Message[302]: Register in operand not in bank 0.  Ensure that bank bits are correct.
001B   009D           00141         MOVWF   EECON2          ;
001C   30AA           00142         MOVLW   B'10101010'     ;DESBLOQUEIA ESCRITA
Message[302]: Register in operand not in bank 0.  Ensure that bank bits are correct.
001D   009D           00143         MOVWF   EECON2          ;
Message[302]: Register in operand not in bank 0.  Ensure that bank bits are correct.
001E   149C           00144         BSF             EECON1,WR ;INICIA A ESCRITA
001F                  00145 AGUARDA
Message[302]: Register in operand not in bank 0.  Ensure that bank bits are correct.
001F   189C           00146         BTFSC   EECON1,WR ;TERMINOU?
0020   2???           00147         GOTO    AGUARDA
0021   178B           00148         BSF             INTCON,GIE ;HABILITA INTERRUPÇÕES
0022   1283           00149         BANK0                           ;POSICIONA PARA BANK 0
0023   0008           00150         RETURN
                      00151 
0024                  00152 SUBROTINA1
                      00153 
                      00154         ;CORPO DA ROTINA
                      00155 
0024   0008           00156         RETURN
                      00157 
                      00158 ;* * * * * * * * * * * * * * * * * * * * * * * * * * * * * * * * * *
                      00159 ;*                     INICIO DO PROGRAMA                          *
                      00160 ;* * * * * * * * * * * * * * * * * * * * * * * * * * * * * * * * * *
                      00161         
0025                  00162 INICIO
0025   1683           00163         BANK1                           ;ALTERA PARA O BANCO 1
0026   3000           00164         MOVLW   B'00000000' ;CONFIGURA TODAS AS PORTAS DO GPIO (PINOS)
Message[302]: Register in operand not in bank 0.  Ensure that bank bits are correct.
0027   0085           00165         MOVWF   TRISIO          ;COMO SAÍDAS
Message[302]: Register in operand not in bank 0.  Ensure that bank bits are correct.
0028   019F           00166         CLRF    ANSEL           ;DEFINE PORTAS COMO Digital I/O
0029   3004           00167         MOVLW   B'00000100'
Message[302]: Register in operand not in bank 0.  Ensure that bank bits are correct.
002A   0081           00168         MOVWF   OPTION_REG      ;DEFINE OPÇÕES DE OPERAÇÃO
002B   3000           00169         MOVLW   B'00000000'
002C   008B           00170         MOVWF   INTCON          ;DEFINE OPÇÕES DE INTERRUPÇÕES
002D   1283           00171         BANK0                           ;RETORNA PARA O BANCO
002E   3007           00172         MOVLW   B'00000111'
002F   0099           00173         MOVWF   CMCON           ;DEFINE O MODO DE OPERAÇÃO DO COMPARADOR ANALÓGICO
                      00174 
                      00175 ;* * * * * * * * * * * * * * * * * * * * * * * * * * * * * * * * * *
                      00176 ;*                     INICIALIZAÇÃO DAS VARIÁVEIS                 *
                      00177 ;* * * * * * * * * * * * * * * * * * * * * * * * * * * * * * * * * *
MPASM 5.77  /HOME/ALEXANDRE/MPLABXPROJECTS/A   8-21-2018  17:19:24         PAGE  5


LOC  OBJECT CODE     LINE SOURCE TEXT
  VALUE

                      00178 
                      00179 ;* * * * * * * * * * * * * * * * * * * * * * * * * * * * * * * * * *
                      00180 ;*                     ROTINA PRINCIPAL                            *
                      00181 ;* * * * * * * * * * * * * * * * * * * * * * * * * * * * * * * * * *
0030                  00182 MAIN
                      00183 
                      00184         ;CORPO DA ROTINA PRINCIPAL
0030   301D           00185         MOVLW   .29
0031   00A2           00186         MOVWF   DADO
0032   3008           00187         MOVLW   .8
0033   2???           00188         CALL    GRAVA_EEPROM
0034   01A2           00189         CLRF    DADO
0035   3008           00190         MOVLW   .8
0036   2???           00191         CALL    LE_EEPROM
0037                  00192 FIM
0037   2???           00193         GOTO FIM
                      00194 
                      00195 ;* * * * * * * * * * * * * * * * * * * * * * * * * * * * * * * * * *
                      00196 ;*                       FIM DO PROGRAMA                           *
                      00197 ;* * * * * * * * * * * * * * * * * * * * * * * * * * * * * * * * * *
                      00198 
3FA4                  00199         END
MPASM 5.77  /HOME/ALEXANDRE/MPLABXPROJECTS/A   8-21-2018  17:19:24         PAGE  6


SYMBOL TABLE
  LABEL                             VALUE 

ADCON0                            0000001F
ADCS0                             00000004
ADCS1                             00000005
ADCS2                             00000006
ADFM                              00000007
ADIE                              00000006
ADIF                              00000006
ADON                              00000000
ADRESH                            0000001E
ADRESL                            0000009E
AGUARDA                           0000001F
ANS0                              00000000
ANS1                              00000001
ANS2                              00000002
ANS3                              00000003
ANSEL                             0000009F
BANK0                             BCF STATUS,RP0
BANK1                             BSF STATUS,RP0
C                                 00000000
CAL0                              00000002
CAL1                              00000003
CAL2                              00000004
CAL3                              00000005
CAL4                              00000006
CAL5                              00000007
CHS0                              00000002
CHS1                              00000003
CINV                              00000004
CIS                               00000003
CM0                               00000000
CM1                               00000001
CM2                               00000002
CMCON                             00000019
CMIE                              00000003
CMIF                              00000003
COUT                              00000006
DADO                              00000022
DC                                00000001
EEADR                             0000009B
EECON1                            0000009C
EECON2                            0000009D
EEDAT                             0000009A
EEDATA                            0000009A
EEIE                              00000007
EEIF                              00000007
F                                 00000001
FIM                               00000037
FSR                               00000004
GIE                               00000007
GO                                00000001
GO_DONE                           00000001
GO_NOT_DONE                       00000001
GP0                               00000000
MPASM 5.77  /HOME/ALEXANDRE/MPLABXPROJECTS/A   8-21-2018  17:19:24         PAGE  7


SYMBOL TABLE
  LABEL                             VALUE 

GP1                               00000001
GP2                               00000002
GP3                               00000003
GP4                               00000004
GP5                               00000005
GPIE                              00000003
GPIF                              00000000
GPIO                              00000005
GPIO0                             00000000
GPIO1                             00000001
GPIO2                             00000002
GPIO3                             00000003
GPIO4                             00000004
GPIO5                             00000005
GRAVA_EEPROM                      00000013
INDF                              00000000
INICIO                            00000025
INTCON                            0000000B
INTE                              00000004
INTEDG                            00000006
INTF                              00000001
IOC                               00000096
IOC0                              00000000
IOC1                              00000001
IOC2                              00000002
IOC3                              00000003
IOC4                              00000004
IOC5                              00000005
IOCB                              00000096
IOCB0                             00000000
IOCB1                             00000001
IOCB2                             00000002
IOCB3                             00000003
IOCB4                             00000004
IOCB5                             00000005
IRP                               00000007
LE_EEPROM                         0000000C
MAIN                              00000030
NOT_BOD                           00000000
NOT_BOR                           00000000
NOT_DONE                          00000001
NOT_GPPU                          00000007
NOT_PD                            00000003
NOT_POR                           00000001
NOT_T1SYNC                        00000002
NOT_TO                            00000004
OPTION_REG                        00000081
OSCCAL                            00000090
PCL                               00000002
PCLATH                            0000000A
PCON                              0000008E
PEIE                              00000006
PIE1                              0000008C
MPASM 5.77  /HOME/ALEXANDRE/MPLABXPROJECTS/A   8-21-2018  17:19:24         PAGE  8


SYMBOL TABLE
  LABEL                             VALUE 

PIR1                              0000000C
PS0                               00000000
PS1                               00000001
PS2                               00000002
PSA                               00000003
RD                                00000000
RP0                               00000005
RP1                               00000006
SAI_INT                           00000007
STATUS                            00000003
STATUS_TEMP                       00000021
SUBROTINA1                        00000024
T0CS                              00000005
T0IE                              00000005
T0IF                              00000002
T0SE                              00000004
T1CKPS0                           00000004
T1CKPS1                           00000005
T1CON                             00000010
T1IE                              00000000
T1IF                              00000000
T1OSCEN                           00000003
TMR0                              00000001
TMR0IE                            00000005
TMR0IF                            00000002
TMR1                              0000000E
TMR1CS                            00000001
TMR1GE                            00000006
TMR1H                             0000000F
TMR1IE                            00000000
TMR1IF                            00000000
TMR1L                             0000000E
TMR1ON                            00000000
TRISIO                            00000085
TRISIO0                           00000000
TRISIO1                           00000001
TRISIO2                           00000002
TRISIO3                           00000003
TRISIO4                           00000004
TRISIO5                           00000005
VCFG                              00000006
VR0                               00000000
VR1                               00000001
VR2                               00000002
VR3                               00000003
VRCON                             00000099
VREN                              00000007
VRR                               00000005
W                                 00000000
WPU                               00000095
WPU0                              00000000
WPU1                              00000001
WPU2                              00000002
MPASM 5.77  /HOME/ALEXANDRE/MPLABXPROJECTS/A   8-21-2018  17:19:24         PAGE  9


SYMBOL TABLE
  LABEL                             VALUE 

WPU4                              00000004
WPU5                              00000005
WR                                00000001
WREN                              00000002
WRERR                             00000003
W_TEMP                            00000020
Z                                 00000002
_BODEN_OFF                        00003FBF
_BODEN_ON                         00003FFF
_BOREN_OFF                        00003FBF
_BOREN_ON                         00003FFF
_CONFIG                           00002007
_CPD_OFF                          00003FFF
_CPD_ON                           00003EFF
_CP_OFF                           00003FFF
_CP_ON                            00003F7F
_DEVID1                           00002006
_EC_OSC                           00003FFB
_EXTRC_OSC_CLKOUT                 00003FFF
_EXTRC_OSC_NOCLKOUT               00003FFE
_FOSC_EC                          00003FFB
_FOSC_EXTRCCLK                    00003FFF
_FOSC_EXTRCIO                     00003FFE
_FOSC_HS                          00003FFA
_FOSC_INTRCCLK                    00003FFD
_FOSC_INTRCIO                     00003FFC
_FOSC_LP                          00003FF8
_FOSC_XT                          00003FF9
_HS_OSC                           00003FFA
_IDLOC0                           00002000
_IDLOC1                           00002001
_IDLOC2                           00002002
_IDLOC3                           00002003
_INTRC_OSC_CLKOUT                 00003FFD
_INTRC_OSC_NOCLKOUT               00003FFC
_LP_OSC                           00003FF8
_MCLRE_OFF                        00003FDF
_MCLRE_ON                         00003FFF
_PWRTE_OFF                        00003FFF
_PWRTE_ON                         00003FEF
_WDTE_OFF                         00003FF7
_WDTE_ON                          00003FFF
_WDT_OFF                          00003FF7
_WDT_ON                           00003FFF
_XT_OSC                           00003FF9
__12F675                          00000001

Errors   :     0
Warnings :     0 reported,     0 suppressed
Messages :    13 reported,     0 suppressed

